<?xml version="1.0" encoding="UTF-8"?>
<testsuite name="kr.ac.jejnu.user.UserDaoTests" tests="1" skipped="0" failures="0" errors="0" timestamp="2023-04-16T05:59:26" hostname="gimminjaeui-MacBookPro.local" time="0.27">
  <properties/>
  <testcase name="getJeju()" classname="kr.ac.jejnu.user.UserDaoTests" time="0.27"/>
  <system-out><![CDATA[]]></system-out>
  <system-err><![CDATA[]]></system-err>
</testsuite>
