<?xml version="1.0" encoding="UTF-8"?>
<testsuite name="kr.ac.jejnu.user.UserDaoTests" tests="2" skipped="0" failures="0" errors="0" timestamp="2023-04-16T15:20:29" hostname="gimminjcBookPro.mshome.net" time="0.369">
  <properties/>
  <testcase name="getJeju()" classname="kr.ac.jejnu.user.UserDaoTests" time="0.329"/>
  <testcase name="insertJeju()" classname="kr.ac.jejnu.user.UserDaoTests" time="0.038"/>
  <system-out><![CDATA[]]></system-out>
  <system-err><![CDATA[]]></system-err>
</testsuite>
