<?xml version="1.0" encoding="UTF-8"?>
<testsuite name="kr.ac.jejnu.user.UserDaoTests" tests="2" skipped="0" failures="0" errors="0" timestamp="2023-04-16T06:29:35" hostname="gimminjaeui-MacBookPro.local" time="0.374">
  <properties/>
  <testcase name="getJeju()" classname="kr.ac.jejnu.user.UserDaoTests" time="0.331"/>
  <testcase name="insertJeju()" classname="kr.ac.jejnu.user.UserDaoTests" time="0.041"/>
  <system-out><![CDATA[]]></system-out>
  <system-err><![CDATA[]]></system-err>
</testsuite>
