<?xml version="1.0" encoding="UTF-8"?>
<testsuite name="kr.ac.jejnu.user.UserDaoTests" tests="4" skipped="0" failures="0" errors="0" timestamp="2023-04-16T06:17:00" hostname="gimminjaeui-MacBookPro.local" time="0.387">
  <properties/>
  <testcase name="insertHalla()" classname="kr.ac.jejnu.user.UserDaoTests" time="0.325"/>
  <testcase name="getJeju()" classname="kr.ac.jejnu.user.UserDaoTests" time="0.015"/>
  <testcase name="insertJeju()" classname="kr.ac.jejnu.user.UserDaoTests" time="0.03"/>
  <testcase name="getHalla()" classname="kr.ac.jejnu.user.UserDaoTests" time="0.015"/>
  <system-out><![CDATA[]]></system-out>
  <system-err><![CDATA[]]></system-err>
</testsuite>
